Name                  Stmts   Miss  Cover   Missing
---------------------------------------------------
model/__init__.py         5      0   100%
model/board.py          116      2    98%   107, 140
model/game_state.py     174      5    97%   157, 303-304, 332-333
model/move.py           149     18    88%   101, 159, 165, 170, 180, 190-193, 202, 215, 220, 258, 273-274, 278-279, 281
model/piece.py           91      2    98%   42, 114
---------------------------------------------------
TOTAL                   535     27    95%
